19-Mar-2018 09:33:03.934 INFO [main] org.apache.catalina.startup.VersionLoggerListener.log Server version:        Apache Tomcat/9.0.2
19-Mar-2018 09:34:17.684 INFO [main] org.apache.catalina.startup.VersionLoggerListener.log Server version:        Apache Tomcat/9.0.2
19-Mar-2018 09:34:17.686 INFO [main] org.apache.catalina.startup.VersionLoggerListener.log Server built:          Nov 25 2017 21:08:02 UTC
19-Mar-2018 09:34:17.689 INFO [main] org.apache.catalina.startup.VersionLoggerListener.log Server number:         9.0.2.0
19-Mar-2018 09:34:17.689 INFO [main] org.apache.catalina.startup.VersionLoggerListener.log OS Name:               Windows 8.1
19-Mar-2018 09:34:17.689 INFO [main] org.apache.catalina.startup.VersionLoggerListener.log OS Version:            6.3
19-Mar-2018 09:34:17.689 INFO [main] org.apache.catalina.startup.VersionLoggerListener.log Architecture:          amd64
19-Mar-2018 09:34:17.689 INFO [main] org.apache.catalina.startup.VersionLoggerListener.log Java Home:             C:\Program Files\Java\jdk1.8.0_31\jre
19-Mar-2018 09:34:17.690 INFO [main] org.apache.catalina.startup.VersionLoggerListener.log JVM Version:           1.8.0_31-b13
19-Mar-2018 09:34:17.690 INFO [main] org.apache.catalina.startup.VersionLoggerListener.log JVM Vendor:            Oracle Corporation
19-Mar-2018 09:34:17.690 INFO [main] org.apache.catalina.startup.VersionLoggerListener.log CATALINA_BASE:         F:\tomcat9\apache-tomcat-9.0.2
19-Mar-2018 09:34:17.690 INFO [main] org.apache.catalina.startup.VersionLoggerListener.log CATALINA_HOME:         F:\tomcat9\apache-tomcat-9.0.2
19-Mar-2018 09:34:17.691 INFO [main] org.apache.catalina.startup.VersionLoggerListener.log Command line argument: -Djava.util.logging.config.file=F:\tomcat9\apache-tomcat-9.0.2\conf\logging.properties
19-Mar-2018 09:34:17.691 INFO [main] org.apache.catalina.startup.VersionLoggerListener.log Command line argument: -Djava.util.logging.manager=org.apache.juli.ClassLoaderLogManager
19-Mar-2018 09:34:17.691 INFO [main] org.apache.catalina.startup.VersionLoggerListener.log Command line argument: -Djdk.tls.ephemeralDHKeySize=2048
19-Mar-2018 09:34:17.691 INFO [main] org.apache.catalina.startup.VersionLoggerListener.log Command line argument: -Djava.protocol.handler.pkgs=org.apache.catalina.webresources
19-Mar-2018 09:34:17.692 INFO [main] org.apache.catalina.startup.VersionLoggerListener.log Command line argument: -Dignore.endorsed.dirs=
19-Mar-2018 09:34:17.692 INFO [main] org.apache.catalina.startup.VersionLoggerListener.log Command line argument: -Dcatalina.base=F:\tomcat9\apache-tomcat-9.0.2
19-Mar-2018 09:34:17.694 INFO [main] org.apache.catalina.startup.VersionLoggerListener.log Command line argument: -Dcatalina.home=F:\tomcat9\apache-tomcat-9.0.2
19-Mar-2018 09:34:17.694 INFO [main] org.apache.catalina.startup.VersionLoggerListener.log Command line argument: -Djava.io.tmpdir=F:\tomcat9\apache-tomcat-9.0.2\temp
19-Mar-2018 09:34:17.695 INFO [main] org.apache.catalina.core.AprLifecycleListener.lifecycleEvent The APR based Apache Tomcat Native library which allows optimal performance in production environments was not found on the java.library.path: [C:\Program Files\Java\jdk1.8.0_31\bin;C:\WINDOWS\Sun\Java\bin;C:\WINDOWS\system32;C:\WINDOWS;C:\ProgramData\Oracle\Java\javapath;C:\WINDOWS\system32;C:\WINDOWS;C:\WINDOWS\System32\Wbem;C:\WINDOWS\System32\WindowsPowerShell\v1.0\;C:\Program Files\ThinkPad\Bluetooth Software\;C:\Program Files\ThinkPad\Bluetooth Software\syswow64;C:\Program Files\Intel\WiFi\bin\;C:\Program Files\Common Files\Intel\WirelessCommon\;C:\Program Files (x86)\MySQL\MySQL Server 5.5\bin;C:\Program Files\Intel\WiFi\bin\;C:\Program Files\Common Files\Intel\WirelessCommon\;C:\Users\adnin\AppData\Local\atom\bin;C:\Users\adnin\AppData\Local\Microsoft\WindowsApps;;.]
19-Mar-2018 09:34:18.785 INFO [main] org.apache.coyote.AbstractProtocol.init Initializing ProtocolHandler ["http-nio-8080"]
19-Mar-2018 09:34:18.941 INFO [main] org.apache.tomcat.util.net.NioSelectorPool.getSharedSelector Using a shared selector for servlet write/read
19-Mar-2018 09:34:18.962 INFO [main] org.apache.coyote.AbstractProtocol.init Initializing ProtocolHandler ["ajp-nio-8009"]
19-Mar-2018 09:34:18.969 INFO [main] org.apache.tomcat.util.net.NioSelectorPool.getSharedSelector Using a shared selector for servlet write/read
19-Mar-2018 09:34:18.972 INFO [main] org.apache.catalina.startup.Catalina.load Initialization processed in 1876 ms
19-Mar-2018 09:34:19.057 INFO [main] org.apache.catalina.core.StandardService.startInternal Starting service [Catalina]
19-Mar-2018 09:34:19.058 INFO [main] org.apache.catalina.core.StandardEngine.startInternal Starting Servlet Engine: Apache Tomcat/9.0.2
19-Mar-2018 09:34:19.134 INFO [main] org.apache.catalina.startup.HostConfig.deployDirectory Deploying web application directory [F:\tomcat9\apache-tomcat-9.0.2\webapps\docs]
19-Mar-2018 09:34:20.330 WARNING [main] org.apache.catalina.util.SessionIdGeneratorBase.createSecureRandom Creation of SecureRandom instance for session ID generation using [SHA1PRNG] took [271] milliseconds.
19-Mar-2018 09:34:20.398 INFO [main] org.apache.catalina.startup.HostConfig.deployDirectory Deployment of web application directory [F:\tomcat9\apache-tomcat-9.0.2\webapps\docs] has finished in [1,264] ms
19-Mar-2018 09:34:20.399 INFO [main] org.apache.catalina.startup.HostConfig.deployDirectory Deploying web application directory [F:\tomcat9\apache-tomcat-9.0.2\webapps\examples]
19-Mar-2018 09:34:23.015 INFO [main] org.apache.catalina.startup.HostConfig.deployDirectory Deployment of web application directory [F:\tomcat9\apache-tomcat-9.0.2\webapps\examples] has finished in [2,617] ms
19-Mar-2018 09:34:23.017 INFO [main] org.apache.catalina.startup.HostConfig.deployDirectory Deploying web application directory [F:\tomcat9\apache-tomcat-9.0.2\webapps\host-manager]
19-Mar-2018 09:34:23.146 INFO [main] org.apache.catalina.startup.HostConfig.deployDirectory Deployment of web application directory [F:\tomcat9\apache-tomcat-9.0.2\webapps\host-manager] has finished in [129] ms
19-Mar-2018 09:34:23.146 INFO [main] org.apache.catalina.startup.HostConfig.deployDirectory Deploying web application directory [F:\tomcat9\apache-tomcat-9.0.2\webapps\manager]
19-Mar-2018 09:34:23.250 INFO [main] org.apache.catalina.startup.HostConfig.deployDirectory Deployment of web application directory [F:\tomcat9\apache-tomcat-9.0.2\webapps\manager] has finished in [103] ms
19-Mar-2018 09:34:23.250 INFO [main] org.apache.catalina.startup.HostConfig.deployDirectory Deploying web application directory [F:\tomcat9\apache-tomcat-9.0.2\webapps\ROOT]
19-Mar-2018 09:34:23.321 INFO [main] org.apache.catalina.startup.HostConfig.deployDirectory Deployment of web application directory [F:\tomcat9\apache-tomcat-9.0.2\webapps\ROOT] has finished in [71] ms
19-Mar-2018 09:34:23.326 INFO [main] org.apache.coyote.AbstractProtocol.start Starting ProtocolHandler ["http-nio-8080"]
19-Mar-2018 09:34:23.341 INFO [main] org.apache.coyote.AbstractProtocol.start Starting ProtocolHandler ["ajp-nio-8009"]
19-Mar-2018 09:34:23.346 INFO [main] org.apache.catalina.startup.Catalina.start Server startup in 4372 ms
19-Mar-2018 09:37:06.713 INFO [Thread-5] org.apache.coyote.AbstractProtocol.pause Pausing ProtocolHandler ["http-nio-8080"]
19-Mar-2018 09:37:06.958 INFO [Thread-5] org.apache.coyote.AbstractProtocol.pause Pausing ProtocolHandler ["ajp-nio-8009"]
19-Mar-2018 09:37:07.147 INFO [Thread-5] org.apache.catalina.core.StandardService.stopInternal Stopping service [Catalina]
